#
# There is insufficient memory for the Java Runtime Environment to continue.
# Native memory allocation (malloc) failed to allocate 1048576 bytes for AllocateHeap
# Possible reasons:
#   The system is out of physical RAM or swap space
#   The process is running with CompressedOops enabled, and the Java Heap may be blocking the growth of the native heap
# Possible solutions:
#   Reduce memory load on the system
#   Increase physical memory or swap space
#   Check if swap backing store is full
#   Decrease Java heap size (-Xmx/-Xms)
#   Decrease number of Java threads
#   Decrease Java thread stack sizes (-Xss)
#   Set larger code cache with -XX:ReservedCodeCacheSize=
#   JVM is running with Unscaled Compressed Oops mode in which the Java heap is
#     placed in the first 4GB address space. The Java Heap base address is the
#     maximum limit for the native heap growth. Please use -XX:HeapBaseMinAddress
#     to set the Java Heap base and to place the Java Heap above 4GB virtual address.
# This output file may be truncated or incomplete.
#
#  Out of Memory Error (allocation.cpp:44), pid=50744, tid=35608
#
# JRE version: OpenJDK Runtime Environment JBR-17.0.10+1-1087.17-jcef (17.0.10+1) (build 17.0.10+1-b1087.17)
# Java VM: OpenJDK 64-Bit Server VM JBR-17.0.10+1-1087.17-jcef (17.0.10+1-b1087.17, mixed mode, tiered, compressed oops, compressed class ptrs, g1 gc, windows-amd64)
# No core dump will be written. Minidumps are not enabled by default on client versions of Windows
#

---------------  S U M M A R Y ------------

Command Line: -Djava.rmi.server.hostname=127.0.0.1 -Duser.timezone=UTC -Xmx2048m -Xms128m -Djdbc.classpath=D:\softwares\idea\IntelliJ IDEA 2022.3.3\plugins\DatabaseTools\lib\jdbc-console.jar;C:\Users\14993\AppData\Roaming\JetBrains\IntelliJIdea2023.3\jdbc-drivers\PostgreSQL\42.6.0\org\postgresql\postgresql\42.6.0\postgresql-42.6.0.jar;C:\Users\14993\AppData\Roaming\JetBrains\IntelliJIdea2023.3\jdbc-drivers\PostgreSQL\42.6.0\org\checkerframework\checker-qual\3.31.0\checker-qual-3.31.0.jar;C:\Users\14993\AppData\Roaming\JetBrains\IntelliJIdea2023.3\jdbc-drivers\PostgreSQL\42.6.0\com\github\waffle\waffle-jna\1.9.1\waffle-jna-1.9.1.jar;C:\Users\14993\AppData\Roaming\JetBrains\IntelliJIdea2023.3\jdbc-drivers\PostgreSQL\42.6.0\net\java\dev\jna\jna\4.5.1\jna-4.5.1.jar;C:\Users\14993\AppData\Roaming\JetBrains\IntelliJIdea2023.3\jdbc-drivers\PostgreSQL\42.6.0\net\java\dev\jna\jna-platform\4.5.1\jna-platform-4.5.1.jar;C:\Users\14993\AppData\Roaming\JetBrains\IntelliJIdea2023.3\jdbc-drivers\PostgreSQL\42.6.0\org\slf4j\jcl-over-slf4j\1.7.25\jcl-over-slf4j-1.7.25.jar;C:\Users\14993\AppData\Roaming\JetBrains\IntelliJIdea2023.3\jdbc-drivers\PostgreSQL\42.6.0\org\slf4j\slf4j-api\1.7.25\slf4j-api-1.7.25.jar;C:\Users\14993\AppData\Roaming\JetBrains\IntelliJIdea2023.3\jdbc-drivers\PostgreSQL\42.6.0\com\github\ben-manes\caffeine\caffeine\2.6.2\caffeine-2.6.2.jar --add-exports=java.desktop/sun.awt=ALL-UNNAMED --add-exports=java.desktop/java.awt.peer=ALL-UNNAMED --add-opens=java.desktop/java.awt=ALL-UNNAMED --add-opens=jdk.unsupported/sun.misc=ALL-UNNAMED --add-opens=java.base/java.nio=ALL-UNNAMED --add-opens=java.base/java.util=ALL-UNNAMED -Dfile.encoding=UTF-8 com.intellij.database.remote.RemoteJdbcServer org.postgresql.Driver

Host: 13th Gen Intel(R) Core(TM) i7-13620H, 16 cores, 15G,  Windows 11 , 64 bit Build 22621 (10.0.22621.4391)
Time: Tue Dec  3 23:13:41 2024  Windows 11 , 64 bit Build 22621 (10.0.22621.4391) elapsed time: 32400.332617 seconds (0d 9h 0m 0s)

---------------  T H R E A D  ---------------

Current thread (0x00000227c3bf9090):  VMThread "VM Thread" [stack: 0x000000626a000000,0x000000626a100000] [id=35608]

Stack: [0x000000626a000000,0x000000626a100000]
Native frames: (J=compiled Java code, j=interpreted, Vv=VM code, C=native code)
V  [jvm.dll+0x688ac9]
V  [jvm.dll+0x84220a]
V  [jvm.dll+0x843e4e]
V  [jvm.dll+0x8444b3]
V  [jvm.dll+0x24ba8f]
V  [jvm.dll+0xa6ca3]
V  [jvm.dll+0x2fd423]
V  [jvm.dll+0x2f87e0]
V  [jvm.dll+0x2e0c37]
V  [jvm.dll+0x324d27]
V  [jvm.dll+0x848bab]
V  [jvm.dll+0x8498f1]
V  [jvm.dll+0x849e0d]
V  [jvm.dll+0x84a1e4]
V  [jvm.dll+0x84a2b0]
V  [jvm.dll+0x7f0a8a]
V  [jvm.dll+0x687945]
C  [ucrtbase.dll+0x29333]
C  [KERNEL32.DLL+0x1259d]
C  [ntdll.dll+0x5af38]

VM_Operation (0x000000626b3ff500): G1CollectFull, mode: safepoint, requested by thread 0x00000227c91b41f0


---------------  P R O C E S S  ---------------

Threads class SMR info:
_java_thread_list=0x00000227c9a0cf30, length=21, elements={
0x00000227a97d7190, 0x00000227c3c0c4c0, 0x00000227c45f8590, 0x00000227c46266b0,
0x00000227c4627340, 0x00000227c462b4a0, 0x00000227c462bd70, 0x00000227c4648f00,
0x00000227c46518d0, 0x00000227c46521e0, 0x00000227c47fffb0, 0x00000227c48008a0,
0x00000227c4960200, 0x00000227c91ce600, 0x00000227c91ceae0, 0x00000227c91b41f0,
0x00000227c92491b0, 0x00000227c9481ff0, 0x00000227c9278c90, 0x00000227c9277850,
0x00000227c9276920
}

Java Threads: ( => current thread )
  0x00000227a97d7190 JavaThread "main" [_thread_blocked, id=44832, stack(0x0000006269a00000,0x0000006269b00000)]
  0x00000227c3c0c4c0 JavaThread "Reference Handler" daemon [_thread_blocked, id=27836, stack(0x000000626a100000,0x000000626a200000)]
  0x00000227c45f8590 JavaThread "Finalizer" daemon [_thread_blocked, id=50832, stack(0x000000626a200000,0x000000626a300000)]
  0x00000227c46266b0 JavaThread "Signal Dispatcher" daemon [_thread_blocked, id=49360, stack(0x000000626a300000,0x000000626a400000)]
  0x00000227c4627340 JavaThread "Attach Listener" daemon [_thread_blocked, id=49312, stack(0x000000626a400000,0x000000626a500000)]
  0x00000227c462b4a0 JavaThread "Service Thread" daemon [_thread_blocked, id=50748, stack(0x000000626a500000,0x000000626a600000)]
  0x00000227c462bd70 JavaThread "Monitor Deflation Thread" daemon [_thread_blocked, id=33116, stack(0x000000626a600000,0x000000626a700000)]
  0x00000227c4648f00 JavaThread "C2 CompilerThread0" daemon [_thread_blocked, id=47612, stack(0x000000626a700000,0x000000626a800000)]
  0x00000227c46518d0 JavaThread "C1 CompilerThread0" daemon [_thread_blocked, id=47680, stack(0x000000626a800000,0x000000626a900000)]
  0x00000227c46521e0 JavaThread "Sweeper thread" daemon [_thread_blocked, id=48076, stack(0x000000626a900000,0x000000626aa00000)]
  0x00000227c47fffb0 JavaThread "Common-Cleaner" daemon [_thread_blocked, id=28536, stack(0x000000626ac00000,0x000000626ad00000)]
  0x00000227c48008a0 JavaThread "Notification Thread" daemon [_thread_blocked, id=48600, stack(0x000000626ad00000,0x000000626ae00000)]
  0x00000227c4960200 JavaThread "RMI TCP Accept-52256" daemon [_thread_in_native, id=37400, stack(0x000000626b000000,0x000000626b100000)]
  0x00000227c91ce600 JavaThread "RMI TCP Accept-0" daemon [_thread_in_native, id=50304, stack(0x000000626b100000,0x000000626b200000)]
  0x00000227c91ceae0 JavaThread "RMI Reaper" [_thread_blocked, id=31040, stack(0x000000626b200000,0x000000626b300000)]
  0x00000227c91b41f0 JavaThread "RMI GC Daemon" daemon [_thread_blocked, id=46720, stack(0x000000626b300000,0x000000626b400000)]
  0x00000227c92491b0 JavaThread "RMI TCP Connection(10)-127.0.0.1" daemon [_thread_in_native, id=47204, stack(0x000000626b500000,0x000000626b600000)]
  0x00000227c9481ff0 JavaThread "RMI Scheduler(0)" daemon [_thread_blocked, id=46072, stack(0x000000626b700000,0x000000626b800000)]
  0x00000227c9278c90 JavaThread "RMI RenewClean-[127.0.0.1:63807]" daemon [_thread_blocked, id=19916, stack(0x000000626b900000,0x000000626ba00000)]
  0x00000227c9277850 JavaThread "PostgreSQL-JDBC-Cleaner" daemon [_thread_blocked, id=20548, stack(0x000000626be00000,0x000000626bf00000)]
  0x00000227c9276920 JavaThread "RMI TCP Connection(9)-127.0.0.1" daemon [_thread_in_native, id=52628, stack(0x000000626ab00000,0x000000626ac00000)]

Other Threads:
=>0x00000227c3bf9090 VMThread "VM Thread" [stack: 0x000000626a000000,0x000000626a100000] [id=35608]
  0x00000227c4801190 WatcherThread [stack: 0x000000626ae00000,0x000000626af00000] [id=43976]
  0x00000227a9834c60 GCTaskThread "GC Thread#0" [stack: 0x0000006269b00000,0x0000006269c00000] [id=34088]
  0x00000227ca288f80 GCTaskThread "GC Thread#1" [stack: 0x000000626bf00000,0x000000626c000000] [id=50896]
  0x00000227ca2b89c0 GCTaskThread "GC Thread#2" [stack: 0x000000626c000000,0x000000626c100000] [id=44376]
  0x00000227ca2b9c90 GCTaskThread "GC Thread#3" [stack: 0x000000626c100000,0x000000626c200000] [id=50496]
  0x00000227c9f30730 GCTaskThread "GC Thread#4" [stack: 0x000000626c200000,0x000000626c300000] [id=20760]
  0x00000227c9f309f0 GCTaskThread "GC Thread#5" [stack: 0x000000626c300000,0x000000626c400000] [id=31308]
  0x00000227c9f30cb0 GCTaskThread "GC Thread#6" [stack: 0x000000626c400000,0x000000626c500000] [id=19712]
  0x00000227c9f30f70 GCTaskThread "GC Thread#7" [stack: 0x000000626c500000,0x000000626c600000] [id=36928]
  0x00000227c9f31a40 GCTaskThread "GC Thread#8" [stack: 0x000000626c600000,0x000000626c700000] [id=29348]
  0x00000227c9892c50 GCTaskThread "GC Thread#9" [stack: 0x000000626c700000,0x000000626c800000] [id=50408]
  0x00000227c477dae0 GCTaskThread "GC Thread#10" [stack: 0x0000006269700000,0x0000006269800000] [id=39208]
  0x00000227c916ae50 GCTaskThread "GC Thread#11" [stack: 0x0000006269800000,0x0000006269900000] [id=48964]
  0x00000227cb02b5c0 GCTaskThread "GC Thread#12" [stack: 0x000000626af00000,0x000000626b000000] [id=50948]
  0x00000227a9845ac0 ConcurrentGCThread "G1 Main Marker" [stack: 0x0000006269c00000,0x0000006269d00000] [id=45236]
  0x00000227a98463f0 ConcurrentGCThread "G1 Conc#0" [stack: 0x0000006269d00000,0x0000006269e00000] [id=50360]
  0x00000227a987d5c0 ConcurrentGCThread "G1 Refine#0" [stack: 0x0000006269e00000,0x0000006269f00000] [id=44760]
  0x00000227a987df00 ConcurrentGCThread "G1 Service" [stack: 0x0000006269f00000,0x000000626a000000] [id=18220]

Threads with active compile tasks:

VM state: at safepoint (normal execution)

VM Mutex/Monitor currently owned by a thread:  ([mutex/lock_event])
[0x00000227a97d2640] Threads_lock - owner thread: 0x00000227c3bf9090
[0x00000227a97d4260] Heap_lock - owner thread: 0x00000227c91b41f0

Heap address: 0x0000000080000000, size: 2048 MB, Compressed Oops mode: 32-bit

CDS archive(s) not mapped
Compressed class space mapped at: 0x0000000100000000-0x0000000140000000, reserved size: 1073741824
Narrow klass base: 0x0000000000000000, Narrow klass shift: 3, Narrow klass range: 0x140000000

GC Precious Log:
 CPUs: 16 total, 16 available
 Memory: 16108M
 Large Page Support: Disabled
 NUMA Support: Disabled
 Compressed Oops: Enabled (32-bit)
 Heap Region Size: 1M
 Heap Min Capacity: 128M
 Heap Initial Capacity: 128M
 Heap Max Capacity: 2G
 Pre-touch: Disabled
 Parallel Workers: 13
 Concurrent Workers: 3
 Concurrent Refinement Workers: 13
 Periodic GC: Disabled

Heap:
 garbage-first heap   total 131072K, used 13881K [0x0000000080000000, 0x0000000100000000)
  region size 1024K, 6 young (6144K), 0 survivors (0K)
 Metaspace       used 21011K, committed 21632K, reserved 1114112K
  class space    used 2070K, committed 2304K, reserved 1048576K

Heap Regions: E=young(eden), S=young(survivor), O=old, HS=humongous(starts), HC=humongous(continues), CS=collection set, F=free, OA=open archive, CA=closed archive, TAMS=top-at-mark-start (previous, next)
|   0|0x0000000080000000, 0x0000000080100000, 0x0000000080100000|100%|HS|  |TAMS 0x0000000080100000, 0x0000000080000000| Untracked 
|   1|0x0000000080100000, 0x0000000080200000, 0x0000000080200000|100%|HC|  |TAMS 0x0000000080200000, 0x0000000080100000| Untracked 
|   2|0x0000000080200000, 0x0000000080300000, 0x0000000080300000|100%|HC|  |TAMS 0x0000000080300000, 0x0000000080200000| Untracked 
|   3|0x0000000080300000, 0x00000000803ffff8, 0x0000000080400000| 99%| O|  |TAMS 0x00000000803ffff8, 0x0000000080300000| Untracked 
|   4|0x0000000080400000, 0x0000000080500000, 0x0000000080500000|100%| O|  |TAMS 0x0000000080500000, 0x0000000080400000| Untracked 
|   5|0x0000000080500000, 0x00000000805fffb0, 0x0000000080600000| 99%| O|  |TAMS 0x00000000805fffb0, 0x0000000080500000| Untracked 
|   6|0x0000000080600000, 0x00000000806ffff8, 0x0000000080700000| 99%| O|  |TAMS 0x00000000806ffff8, 0x0000000080600000| Untracked 
|   7|0x0000000080700000, 0x00000000807f35c0, 0x0000000080800000| 95%| O|  |TAMS 0x0000000080700000, 0x0000000080700000| Untracked 
|   8|0x0000000080800000, 0x000000008086c730, 0x0000000080900000| 42%| O|  |TAMS 0x0000000080800000, 0x0000000080800000| Untracked 
|   9|0x0000000080900000, 0x000000008092e938, 0x0000000080a00000| 18%| O|  |TAMS 0x0000000080900000, 0x0000000080900000| Untracked 
|  10|0x0000000080a00000, 0x0000000080a00000, 0x0000000080b00000|  0%| F|  |TAMS 0x0000000080a00000, 0x0000000080a00000| Untracked 
|  11|0x0000000080b00000, 0x0000000080b00000, 0x0000000080c00000|  0%| F|  |TAMS 0x0000000080b00000, 0x0000000080b00000| Untracked 
|  12|0x0000000080c00000, 0x0000000080c00000, 0x0000000080d00000|  0%| F|  |TAMS 0x0000000080c00000, 0x0000000080c00000| Untracked 
|  13|0x0000000080d00000, 0x0000000080d00000, 0x0000000080e00000|  0%| F|  |TAMS 0x0000000080d00000, 0x0000000080d00000| Untracked 
|  14|0x0000000080e00000, 0x0000000080e00000, 0x0000000080f00000|  0%| F|  |TAMS 0x0000000080e00000, 0x0000000080e00000| Untracked 
|  15|0x0000000080f00000, 0x0000000080f00000, 0x0000000081000000|  0%| F|  |TAMS 0x0000000080f00000, 0x0000000080f00000| Untracked 
|  16|0x0000000081000000, 0x0000000081000000, 0x0000000081100000|  0%| F|  |TAMS 0x0000000081000000, 0x0000000081000000| Untracked 
|  17|0x0000000081100000, 0x0000000081100000, 0x0000000081200000|  0%| F|  |TAMS 0x0000000081100000, 0x0000000081100000| Untracked 
|  18|0x0000000081200000, 0x0000000081200000, 0x0000000081300000|  0%| F|  |TAMS 0x0000000081200000, 0x0000000081200000| Untracked 
|  19|0x0000000081300000, 0x0000000081300000, 0x0000000081400000|  0%| F|  |TAMS 0x0000000081300000, 0x0000000081300000| Untracked 
|  20|0x0000000081400000, 0x0000000081400000, 0x0000000081500000|  0%| F|  |TAMS 0x0000000081400000, 0x0000000081400000| Untracked 
|  21|0x0000000081500000, 0x0000000081500000, 0x0000000081600000|  0%| F|  |TAMS 0x0000000081500000, 0x0000000081500000| Untracked 
|  22|0x0000000081600000, 0x0000000081600000, 0x0000000081700000|  0%| F|  |TAMS 0x0000000081600000, 0x0000000081600000| Untracked 
|  23|0x0000000081700000, 0x0000000081700000, 0x0000000081800000|  0%| F|  |TAMS 0x0000000081700000, 0x0000000081700000| Untracked 
|  24|0x0000000081800000, 0x0000000081800000, 0x0000000081900000|  0%| F|  |TAMS 0x0000000081800000, 0x0000000081800000| Untracked 
|  25|0x0000000081900000, 0x0000000081900000, 0x0000000081a00000|  0%| F|  |TAMS 0x0000000081900000, 0x0000000081900000| Untracked 
|  26|0x0000000081a00000, 0x0000000081a00000, 0x0000000081b00000|  0%| F|  |TAMS 0x0000000081a00000, 0x0000000081a00000| Untracked 
|  27|0x0000000081b00000, 0x0000000081b00000, 0x0000000081c00000|  0%| F|  |TAMS 0x0000000081b00000, 0x0000000081b00000| Untracked 
|  28|0x0000000081c00000, 0x0000000081c00000, 0x0000000081d00000|  0%| F|  |TAMS 0x0000000081c00000, 0x0000000081c00000| Untracked 
|  29|0x0000000081d00000, 0x0000000081d00000, 0x0000000081e00000|  0%| F|  |TAMS 0x0000000081d00000, 0x0000000081d00000| Untracked 
|  30|0x0000000081e00000, 0x0000000081e00000, 0x0000000081f00000|  0%| F|  |TAMS 0x0000000081e00000, 0x0000000081e00000| Untracked 
|  31|0x0000000081f00000, 0x0000000081f00000, 0x0000000082000000|  0%| F|  |TAMS 0x0000000081f00000, 0x0000000081f00000| Untracked 
|  32|0x0000000082000000, 0x0000000082000000, 0x0000000082100000|  0%| F|  |TAMS 0x0000000082000000, 0x0000000082000000| Untracked 
|  33|0x0000000082100000, 0x0000000082100000, 0x0000000082200000|  0%| F|  |TAMS 0x0000000082100000, 0x0000000082100000| Untracked 
|  34|0x0000000082200000, 0x0000000082200000, 0x0000000082300000|  0%| F|  |TAMS 0x0000000082200000, 0x0000000082200000| Untracked 
|  35|0x0000000082300000, 0x0000000082300000, 0x0000000082400000|  0%| F|  |TAMS 0x0000000082300000, 0x0000000082300000| Untracked 
|  36|0x0000000082400000, 0x0000000082400000, 0x0000000082500000|  0%| F|  |TAMS 0x0000000082400000, 0x0000000082400000| Untracked 
|  37|0x0000000082500000, 0x0000000082500000, 0x0000000082600000|  0%| F|  |TAMS 0x0000000082500000, 0x0000000082500000| Untracked 
|  38|0x0000000082600000, 0x0000000082600000, 0x0000000082700000|  0%| F|  |TAMS 0x0000000082600000, 0x0000000082600000| Untracked 
|  39|0x0000000082700000, 0x0000000082700000, 0x0000000082800000|  0%| F|  |TAMS 0x0000000082700000, 0x0000000082700000| Untracked 
|  40|0x0000000082800000, 0x0000000082800000, 0x0000000082900000|  0%| F|  |TAMS 0x0000000082800000, 0x0000000082800000| Untracked 
|  41|0x0000000082900000, 0x0000000082900000, 0x0000000082a00000|  0%| F|  |TAMS 0x0000000082900000, 0x0000000082900000| Untracked 
|  42|0x0000000082a00000, 0x0000000082a00000, 0x0000000082b00000|  0%| F|  |TAMS 0x0000000082a00000, 0x0000000082a00000| Untracked 
|  43|0x0000000082b00000, 0x0000000082b00000, 0x0000000082c00000|  0%| F|  |TAMS 0x0000000082b00000, 0x0000000082b00000| Untracked 
|  44|0x0000000082c00000, 0x0000000082c00000, 0x0000000082d00000|  0%| F|  |TAMS 0x0000000082c00000, 0x0000000082c00000| Untracked 
|  45|0x0000000082d00000, 0x0000000082d00000, 0x0000000082e00000|  0%| F|  |TAMS 0x0000000082d00000, 0x0000000082d00000| Untracked 
|  46|0x0000000082e00000, 0x0000000082e00000, 0x0000000082f00000|  0%| F|  |TAMS 0x0000000082e00000, 0x0000000082e00000| Untracked 
|  47|0x0000000082f00000, 0x0000000082f00000, 0x0000000083000000|  0%| F|  |TAMS 0x0000000082f00000, 0x0000000082f00000| Untracked 
|  48|0x0000000083000000, 0x0000000083000000, 0x0000000083100000|  0%| F|  |TAMS 0x0000000083000000, 0x0000000083000000| Untracked 
|  49|0x0000000083100000, 0x0000000083100000, 0x0000000083200000|  0%| F|  |TAMS 0x0000000083100000, 0x0000000083100000| Untracked 
|  50|0x0000000083200000, 0x0000000083200000, 0x0000000083300000|  0%| F|  |TAMS 0x0000000083200000, 0x0000000083200000| Untracked 
|  51|0x0000000083300000, 0x0000000083300000, 0x0000000083400000|  0%| F|  |TAMS 0x0000000083300000, 0x0000000083300000| Untracked 
|  52|0x0000000083400000, 0x0000000083400000, 0x0000000083500000|  0%| F|  |TAMS 0x0000000083400000, 0x0000000083400000| Untracked 
|  53|0x0000000083500000, 0x0000000083500000, 0x0000000083600000|  0%| F|  |TAMS 0x0000000083500000, 0x0000000083500000| Untracked 
|  54|0x0000000083600000, 0x0000000083600000, 0x0000000083700000|  0%| F|  |TAMS 0x0000000083600000, 0x0000000083600000| Untracked 
|  55|0x0000000083700000, 0x0000000083700000, 0x0000000083800000|  0%| F|  |TAMS 0x0000000083700000, 0x0000000083700000| Untracked 
|  56|0x0000000083800000, 0x0000000083800000, 0x0000000083900000|  0%| F|  |TAMS 0x0000000083800000, 0x0000000083800000| Untracked 
|  57|0x0000000083900000, 0x0000000083900000, 0x0000000083a00000|  0%| F|  |TAMS 0x0000000083900000, 0x0000000083900000| Untracked 
|  58|0x0000000083a00000, 0x0000000083a00000, 0x0000000083b00000|  0%| F|  |TAMS 0x0000000083a00000, 0x0000000083a00000| Untracked 
|  59|0x0000000083b00000, 0x0000000083b00000, 0x0000000083c00000|  0%| F|  |TAMS 0x0000000083b00000, 0x0000000083b00000| Untracked 
|  60|0x0000000083c00000, 0x0000000083c00000, 0x0000000083d00000|  0%| F|  |TAMS 0x0000000083c00000, 0x0000000083c00000| Untracked 
|  61|0x0000000083d00000, 0x0000000083d00000, 0x0000000083e00000|  0%| F|  |TAMS 0x0000000083d00000, 0x0000000083d00000| Untracked 
|  62|0x0000000083e00000, 0x0000000083e00000, 0x0000000083f00000|  0%| F|  |TAMS 0x0000000083e00000, 0x0000000083e00000| Untracked 
|  63|0x0000000083f00000, 0x0000000083f00000, 0x0000000084000000|  0%| F|  |TAMS 0x0000000083f00000, 0x0000000083f00000| Untracked 
|  64|0x0000000084000000, 0x0000000084000000, 0x0000000084100000|  0%| F|  |TAMS 0x0000000084000000, 0x0000000084000000| Untracked 
|  65|0x0000000084100000, 0x0000000084100000, 0x0000000084200000|  0%| F|  |TAMS 0x0000000084100000, 0x0000000084100000| Untracked 
|  66|0x0000000084200000, 0x0000000084200000, 0x0000000084300000|  0%| F|  |TAMS 0x0000000084200000, 0x0000000084200000| Untracked 
|  67|0x0000000084300000, 0x0000000084300000, 0x0000000084400000|  0%| F|  |TAMS 0x0000000084300000, 0x0000000084300000| Untracked 
|  68|0x0000000084400000, 0x0000000084400000, 0x0000000084500000|  0%| F|  |TAMS 0x0000000084400000, 0x0000000084400000| Untracked 
|  69|0x0000000084500000, 0x0000000084500000, 0x0000000084600000|  0%| F|  |TAMS 0x0000000084500000, 0x0000000084500000| Untracked 
|  70|0x0000000084600000, 0x0000000084600000, 0x0000000084700000|  0%| F|  |TAMS 0x0000000084600000, 0x0000000084600000| Untracked 
|  71|0x0000000084700000, 0x0000000084700000, 0x0000000084800000|  0%| F|  |TAMS 0x0000000084700000, 0x0000000084700000| Untracked 
|  72|0x0000000084800000, 0x0000000084800000, 0x0000000084900000|  0%| F|  |TAMS 0x0000000084800000, 0x0000000084800000| Untracked 
|  73|0x0000000084900000, 0x0000000084900000, 0x0000000084a00000|  0%| F|  |TAMS 0x0000000084900000, 0x0000000084900000| Untracked 
|  74|0x0000000084a00000, 0x0000000084a00000, 0x0000000084b00000|  0%| F|  |TAMS 0x0000000084a00000, 0x0000000084a00000| Untracked 
|  75|0x0000000084b00000, 0x0000000084b00000, 0x0000000084c00000|  0%| F|  |TAMS 0x0000000084b00000, 0x0000000084b00000| Untracked 
|  76|0x0000000084c00000, 0x0000000084c00000, 0x0000000084d00000|  0%| F|  |TAMS 0x0000000084c00000, 0x0000000084c00000| Untracked 
|  77|0x0000000084d00000, 0x0000000084d00000, 0x0000000084e00000|  0%| F|  |TAMS 0x0000000084d00000, 0x0000000084d00000| Untracked 
|  78|0x0000000084e00000, 0x0000000084e00000, 0x0000000084f00000|  0%| F|  |TAMS 0x0000000084e00000, 0x0000000084e00000| Untracked 
|  79|0x0000000084f00000, 0x0000000084f00000, 0x0000000085000000|  0%| F|  |TAMS 0x0000000084f00000, 0x0000000084f00000| Untracked 
|  80|0x0000000085000000, 0x0000000085000000, 0x0000000085100000|  0%| F|  |TAMS 0x0000000085000000, 0x0000000085000000| Untracked 
|  81|0x0000000085100000, 0x0000000085100000, 0x0000000085200000|  0%| F|  |TAMS 0x0000000085100000, 0x0000000085100000| Untracked 
|  82|0x0000000085200000, 0x0000000085200000, 0x0000000085300000|  0%| F|  |TAMS 0x0000000085200000, 0x0000000085200000| Untracked 
|  83|0x0000000085300000, 0x0000000085300000, 0x0000000085400000|  0%| F|  |TAMS 0x0000000085300000, 0x0000000085300000| Untracked 
|  84|0x0000000085400000, 0x0000000085400000, 0x0000000085500000|  0%| F|  |TAMS 0x0000000085400000, 0x0000000085400000| Untracked 
|  85|0x0000000085500000, 0x0000000085500000, 0x0000000085600000|  0%| F|  |TAMS 0x0000000085500000, 0x0000000085500000| Untracked 
|  86|0x0000000085600000, 0x0000000085600000, 0x0000000085700000|  0%| F|  |TAMS 0x0000000085600000, 0x0000000085600000| Untracked 
|  87|0x0000000085700000, 0x0000000085700000, 0x0000000085800000|  0%| F|  |TAMS 0x0000000085700000, 0x0000000085700000| Untracked 
|  88|0x0000000085800000, 0x0000000085800000, 0x0000000085900000|  0%| F|  |TAMS 0x0000000085800000, 0x0000000085800000| Untracked 
|  89|0x0000000085900000, 0x0000000085900000, 0x0000000085a00000|  0%| F|  |TAMS 0x0000000085900000, 0x0000000085900000| Untracked 
|  90|0x0000000085a00000, 0x0000000085a00000, 0x0000000085b00000|  0%| F|  |TAMS 0x0000000085a00000, 0x0000000085a00000| Untracked 
|  91|0x0000000085b00000, 0x0000000085b00000, 0x0000000085c00000|  0%| F|  |TAMS 0x0000000085b00000, 0x0000000085b00000| Untracked 
|  92|0x0000000085c00000, 0x0000000085c00000, 0x0000000085d00000|  0%| F|  |TAMS 0x0000000085c00000, 0x0000000085c00000| Untracked 
|  93|0x0000000085d00000, 0x0000000085d00000, 0x0000000085e00000|  0%| F|  |TAMS 0x0000000085d00000, 0x0000000085d00000| Untracked 
|  94|0x0000000085e00000, 0x0000000085e00000, 0x0000000085f00000|  0%| F|  |TAMS 0x0000000085e00000, 0x0000000085e00000| Untracked 
|  95|0x0000000085f00000, 0x0000000085f00000, 0x0000000086000000|  0%| F|  |TAMS 0x0000000085f00000, 0x0000000085f00000| Untracked 
|  96|0x0000000086000000, 0x0000000086000000, 0x0000000086100000|  0%| F|  |TAMS 0x0000000086000000, 0x0000000086000000| Untracked 
|  97|0x0000000086100000, 0x0000000086100000, 0x0000000086200000|  0%| F|  |TAMS 0x0000000086100000, 0x0000000086100000| Untracked 
|  98|0x0000000086200000, 0x0000000086200000, 0x0000000086300000|  0%| F|  |TAMS 0x0000000086200000, 0x0000000086200000| Untracked 
|  99|0x0000000086300000, 0x0000000086300000, 0x0000000086400000|  0%| F|  |TAMS 0x0000000086300000, 0x0000000086300000| Untracked 
| 100|0x0000000086400000, 0x0000000086400000, 0x0000000086500000|  0%| F|  |TAMS 0x0000000086400000, 0x0000000086400000| Untracked 
| 101|0x0000000086500000, 0x0000000086500000, 0x0000000086600000|  0%| F|  |TAMS 0x0000000086500000, 0x0000000086500000| Untracked 
| 102|0x0000000086600000, 0x0000000086600000, 0x0000000086700000|  0%| F|  |TAMS 0x0000000086600000, 0x0000000086600000| Untracked 
| 103|0x0000000086700000, 0x0000000086700000, 0x0000000086800000|  0%| F|  |TAMS 0x0000000086700000, 0x0000000086700000| Untracked 
| 104|0x0000000086800000, 0x0000000086800000, 0x0000000086900000|  0%| F|  |TAMS 0x0000000086800000, 0x0000000086800000| Untracked 
| 105|0x0000000086900000, 0x0000000086900000, 0x0000000086a00000|  0%| F|  |TAMS 0x0000000086900000, 0x0000000086900000| Untracked 
| 106|0x0000000086a00000, 0x0000000086a00000, 0x0000000086b00000|  0%| F|  |TAMS 0x0000000086a00000, 0x0000000086a00000| Untracked 
| 107|0x0000000086b00000, 0x0000000086b00000, 0x0000000086c00000|  0%| F|  |TAMS 0x0000000086b00000, 0x0000000086b00000| Untracked 
| 108|0x0000000086c00000, 0x0000000086c00000, 0x0000000086d00000|  0%| F|  |TAMS 0x0000000086c00000, 0x0000000086c00000| Untracked 
| 109|0x0000000086d00000, 0x0000000086d00000, 0x0000000086e00000|  0%| F|  |TAMS 0x0000000086d00000, 0x0000000086d00000| Untracked 
| 110|0x0000000086e00000, 0x0000000086e00000, 0x0000000086f00000|  0%| F|  |TAMS 0x0000000086e00000, 0x0000000086e00000| Untracked 
| 111|0x0000000086f00000, 0x0000000086f00000, 0x0000000087000000|  0%| F|  |TAMS 0x0000000086f00000, 0x0000000086f00000| Untracked 
| 112|0x0000000087000000, 0x0000000087000000, 0x0000000087100000|  0%| F|  |TAMS 0x0000000087000000, 0x0000000087000000| Untracked 
| 113|0x0000000087100000, 0x0000000087100000, 0x0000000087200000|  0%| F|  |TAMS 0x0000000087100000, 0x0000000087100000| Untracked 
| 114|0x0000000087200000, 0x0000000087200000, 0x0000000087300000|  0%| F|  |TAMS 0x0000000087200000, 0x0000000087200000| Untracked 
| 115|0x0000000087300000, 0x0000000087300000, 0x0000000087400000|  0%| F|  |TAMS 0x0000000087300000, 0x0000000087300000| Untracked 
| 116|0x0000000087400000, 0x0000000087400000, 0x0000000087500000|  0%| F|  |TAMS 0x0000000087400000, 0x0000000087400000| Untracked 
| 117|0x0000000087500000, 0x0000000087500000, 0x0000000087600000|  0%| F|  |TAMS 0x0000000087500000, 0x0000000087500000| Untracked 
| 118|0x0000000087600000, 0x0000000087600000, 0x0000000087700000|  0%| F|  |TAMS 0x0000000087600000, 0x0000000087600000| Untracked 
| 119|0x0000000087700000, 0x0000000087700000, 0x0000000087800000|  0%| F|  |TAMS 0x0000000087700000, 0x0000000087700000| Untracked 
| 120|0x0000000087800000, 0x0000000087800000, 0x0000000087900000|  0%| F|  |TAMS 0x0000000087800000, 0x0000000087800000| Untracked 
| 121|0x0000000087900000, 0x0000000087900000, 0x0000000087a00000|  0%| F|  |TAMS 0x0000000087900000, 0x0000000087900000| Untracked 
| 122|0x0000000087a00000, 0x0000000087b00000, 0x0000000087b00000|100%| E|  |TAMS 0x0000000087a00000, 0x0000000087a00000| Complete 
| 123|0x0000000087b00000, 0x0000000087c00000, 0x0000000087c00000|100%| E|CS|TAMS 0x0000000087b00000, 0x0000000087b00000| Complete 
| 124|0x0000000087c00000, 0x0000000087d00000, 0x0000000087d00000|100%| E|CS|TAMS 0x0000000087c00000, 0x0000000087c00000| Complete 
| 125|0x0000000087d00000, 0x0000000087e00000, 0x0000000087e00000|100%| E|CS|TAMS 0x0000000087d00000, 0x0000000087d00000| Complete 
| 126|0x0000000087e00000, 0x0000000087f00000, 0x0000000087f00000|100%| E|CS|TAMS 0x0000000087e00000, 0x0000000087e00000| Complete 
| 127|0x0000000087f00000, 0x0000000088000000, 0x0000000088000000|100%| E|CS|TAMS 0x0000000087f00000, 0x0000000087f00000| Complete 

Card table byte_map: [0x00000227bcbe0000,0x00000227bcfe0000] _byte_map_base: 0x00000227bc7e0000

Marking Bits (Prev, Next): (CMBitMap*) 0x00000227a9835190, (CMBitMap*) 0x00000227a98351d0
 Prev Bits: [0x00000227bd3e0000, 0x00000227bf3e0000)
 Next Bits: [0x00000227bf3e0000, 0x00000227c13e0000)

Polling page: 0x00000227a75f0000

Metaspace:

Usage:
  Non-class:     18.50 MB used.
      Class:      2.02 MB used.
       Both:     20.52 MB used.

Virtual space:
  Non-class space:       64.00 MB reserved,      18.88 MB ( 29%) committed,  1 nodes.
      Class space:        1.00 GB reserved,       2.25 MB ( <1%) committed,  1 nodes.
             Both:        1.06 GB reserved,      21.12 MB (  2%) committed. 

Chunk freelists:
   Non-Class:  12.63 MB
       Class:  13.68 MB
        Both:  26.31 MB

MaxMetaspaceSize: unlimited
CompressedClassSpaceSize: 1.00 GB
Initial GC threshold: 21.00 MB
Current GC threshold: 35.25 MB
CDS: off
MetaspaceReclaimPolicy: balanced
 - commit_granule_bytes: 65536.
 - commit_granule_words: 8192.
 - virtual_space_node_default_size: 8388608.
 - enlarge_chunks_in_place: 1.
 - new_chunks_are_fully_committed: 0.
 - uncommit_free_chunks: 1.
 - use_allocation_guard: 0.
 - handle_deallocations: 1.


Internal statistics:

num_allocs_failed_limit: 0.
num_arena_births: 460.
num_arena_deaths: 206.
num_vsnodes_births: 2.
num_vsnodes_deaths: 0.
num_space_committed: 338.
num_space_uncommitted: 0.
num_chunks_returned_to_freelist: 286.
num_chunks_taken_from_freelist: 941.
num_chunk_merges: 76.
num_chunk_splits: 498.
num_chunks_enlarged: 197.
num_inconsistent_stats: 0.

CodeHeap 'non-profiled nmethods': size=119168Kb used=2834Kb max_used=2834Kb free=116333Kb
 bounds [0x00000227b4ae0000, 0x00000227b4db0000, 0x00000227bbf40000]
CodeHeap 'profiled nmethods': size=119104Kb used=7429Kb max_used=7429Kb free=111674Kb
 bounds [0x00000227acf40000, 0x00000227ad690000, 0x00000227b4390000]
CodeHeap 'non-nmethods': size=7488Kb used=1212Kb max_used=2940Kb free=6275Kb
 bounds [0x00000227b4390000, 0x00000227b4680000, 0x00000227b4ae0000]
 total_blobs=3950 nmethods=3436 adapters=426
 compilation: enabled
              stopped_count=0, restarted_count=0
 full_count=0

Compilation events (20 events):
Event: 29230.856 Thread 0x00000227c46518d0 nmethod 3427 0x00000227ad67f890 code [0x00000227ad67fa40, 0x00000227ad67fd58]
Event: 29230.856 Thread 0x00000227c46518d0 3428       3       java.net.InetAddress$InetAddressHolder::<init> (5 bytes)
Event: 29230.856 Thread 0x00000227c46518d0 nmethod 3428 0x00000227ad67fe90 code [0x00000227ad680020, 0x00000227ad680178]
Event: 29230.860 Thread 0x00000227c4648f00 nmethod 3426 0x00000227b4da0d10 code [0x00000227b4da0ea0, 0x00000227b4da1088]
Event: 29235.494 Thread 0x00000227c4648f00 3429       4       java.util.concurrent.locks.LockSupport::parkNanos (29 bytes)
Event: 29235.498 Thread 0x00000227c4648f00 nmethod 3429 0x00000227b4da1290 code [0x00000227b4da1420, 0x00000227b4da1608]
Event: 29908.409 Thread 0x00000227c4648f00 3430   !   4       java.util.Collections$SynchronizedMap::put (28 bytes)
Event: 29908.445 Thread 0x00000227c4648f00 nmethod 3430 0x00000227b4da1710 code [0x00000227b4da1920, 0x00000227b4da3528]
Event: 31330.868 Thread 0x00000227c46518d0 3431       3       java.net.SocketAddress::<init> (5 bytes)
Event: 31330.869 Thread 0x00000227c46518d0 nmethod 3431 0x00000227ad680210 code [0x00000227ad6803a0, 0x00000227ad6804f8]
Event: 31330.869 Thread 0x00000227c46518d0 3432       3       java.net.InetSocketAddress::checkPort (39 bytes)
Event: 31330.870 Thread 0x00000227c46518d0 nmethod 3432 0x00000227ad680590 code [0x00000227ad6807c0, 0x00000227ad680e38]
Event: 31330.870 Thread 0x00000227c46518d0 3433       3       java.net.InetSocketAddress$InetSocketAddressHolder::<init> (20 bytes)
Event: 31330.870 Thread 0x00000227c46518d0 nmethod 3433 0x00000227ad681090 code [0x00000227ad681240, 0x00000227ad681458]
Event: 31930.871 Thread 0x00000227c46518d0 3434       1       java.net.Socket::isOutputShutdown (5 bytes)
Event: 31930.871 Thread 0x00000227c46518d0 nmethod 3434 0x00000227b4da4010 code [0x00000227b4da41a0, 0x00000227b4da4278]
Event: 31930.871 Thread 0x00000227c46518d0 3435       1       java.net.Socket::isInputShutdown (5 bytes)
Event: 31930.871 Thread 0x00000227c46518d0 nmethod 3435 0x00000227b4da4310 code [0x00000227b4da44a0, 0x00000227b4da4578]
Event: 32230.871 Thread 0x00000227c46518d0 3436       1       java.net.InetAddress$InetAddressHolder::getHostName (5 bytes)
Event: 32230.872 Thread 0x00000227c46518d0 nmethod 3436 0x00000227b4da4610 code [0x00000227b4da47a0, 0x00000227b4da4878]

GC Heap History (20 events):
Event: 1513.062 GC heap before
{Heap before GC invocations=1 (full 0):
 garbage-first heap   total 131072K, used 33028K [0x0000000080000000, 0x0000000100000000)
  region size 1024K, 28 young (28672K), 3 survivors (3072K)
 Metaspace       used 19802K, committed 20096K, reserved 1114112K
  class space    used 1978K, committed 2112K, reserved 1048576K
}
Event: 1513.065 GC heap after
{Heap after GC invocations=2 (full 0):
 garbage-first heap   total 131072K, used 9243K [0x0000000080000000, 0x0000000100000000)
  region size 1024K, 1 young (1024K), 1 survivors (1024K)
 Metaspace       used 19802K, committed 20096K, reserved 1114112K
  class space    used 1978K, committed 2112K, reserved 1048576K
}
Event: 3600.009 GC heap before
{Heap before GC invocations=2 (full 0):
 garbage-first heap   total 131072K, used 21531K [0x0000000080000000, 0x0000000100000000)
  region size 1024K, 14 young (14336K), 1 survivors (1024K)
 Metaspace       used 19895K, committed 20224K, reserved 1114112K
  class space    used 1981K, committed 2112K, reserved 1048576K
}
Event: 3600.030 GC heap after
{Heap after GC invocations=3 (full 1):
 garbage-first heap   total 131072K, used 8912K [0x0000000080000000, 0x0000000100000000)
  region size 1024K, 0 young (0K), 0 survivors (0K)
 Metaspace       used 19863K, committed 20224K, reserved 1114112K
  class space    used 1974K, committed 2112K, reserved 1048576K
}
Event: 7104.149 GC heap before
{Heap before GC invocations=3 (full 1):
 garbage-first heap   total 131072K, used 85712K [0x0000000080000000, 0x0000000100000000)
  region size 1024K, 76 young (77824K), 0 survivors (0K)
 Metaspace       used 21177K, committed 21504K, reserved 1114112K
  class space    used 2114K, committed 2304K, reserved 1048576K
}
Event: 7104.154 GC heap after
{Heap after GC invocations=4 (full 1):
 garbage-first heap   total 131072K, used 12901K [0x0000000080000000, 0x0000000100000000)
  region size 1024K, 4 young (4096K), 4 survivors (4096K)
 Metaspace       used 21177K, committed 21504K, reserved 1114112K
  class space    used 2114K, committed 2304K, reserved 1048576K
}
Event: 7200.031 GC heap before
{Heap before GC invocations=4 (full 1):
 garbage-first heap   total 131072K, used 39525K [0x0000000080000000, 0x0000000100000000)
  region size 1024K, 31 young (31744K), 4 survivors (4096K)
 Metaspace       used 21240K, committed 21632K, reserved 1114112K
  class space    used 2119K, committed 2304K, reserved 1048576K
}
Event: 7200.047 GC heap after
{Heap after GC invocations=5 (full 2):
 garbage-first heap   total 131072K, used 8986K [0x0000000080000000, 0x0000000100000000)
  region size 1024K, 0 young (0K), 0 survivors (0K)
 Metaspace       used 21048K, committed 21632K, reserved 1114112K
  class space    used 2077K, committed 2304K, reserved 1048576K
}
Event: 10800.056 GC heap before
{Heap before GC invocations=5 (full 2):
 garbage-first heap   total 131072K, used 14106K [0x0000000080000000, 0x0000000100000000)
  region size 1024K, 6 young (6144K), 0 survivors (0K)
 Metaspace       used 21050K, committed 21632K, reserved 1114112K
  class space    used 2078K, committed 2304K, reserved 1048576K
}
Event: 10800.121 GC heap after
{Heap after GC invocations=6 (full 3):
 garbage-first heap   total 131072K, used 8947K [0x0000000080000000, 0x0000000100000000)
  region size 1024K, 0 young (0K), 0 survivors (0K)
 Metaspace       used 21050K, committed 21632K, reserved 1114112K
  class space    used 2078K, committed 2304K, reserved 1048576K
}
Event: 14400.140 GC heap before
{Heap before GC invocations=6 (full 3):
 garbage-first heap   total 131072K, used 14067K [0x0000000080000000, 0x0000000100000000)
  region size 1024K, 6 young (6144K), 0 survivors (0K)
 Metaspace       used 21053K, committed 21632K, reserved 1114112K
  class space    used 2078K, committed 2304K, reserved 1048576K
}
Event: 14400.202 GC heap after
{Heap after GC invocations=7 (full 4):
 garbage-first heap   total 131072K, used 8780K [0x0000000080000000, 0x0000000100000000)
  region size 1024K, 0 young (0K), 0 survivors (0K)
 Metaspace       used 21001K, committed 21632K, reserved 1114112K
  class space    used 2070K, committed 2304K, reserved 1048576K
}
Event: 18000.208 GC heap before
{Heap before GC invocations=7 (full 4):
 garbage-first heap   total 131072K, used 13900K [0x0000000080000000, 0x0000000100000000)
  region size 1024K, 6 young (6144K), 0 survivors (0K)
 Metaspace       used 21005K, committed 21632K, reserved 1114112K
  class space    used 2070K, committed 2304K, reserved 1048576K
}
Event: 18000.253 GC heap after
{Heap after GC invocations=8 (full 5):
 garbage-first heap   total 131072K, used 8761K [0x0000000080000000, 0x0000000100000000)
  region size 1024K, 0 young (0K), 0 survivors (0K)
 Metaspace       used 21005K, committed 21632K, reserved 1114112K
  class space    used 2070K, committed 2304K, reserved 1048576K
}
Event: 21600.254 GC heap before
{Heap before GC invocations=8 (full 5):
 garbage-first heap   total 131072K, used 13881K [0x0000000080000000, 0x0000000100000000)
  region size 1024K, 6 young (6144K), 0 survivors (0K)
 Metaspace       used 21007K, committed 21632K, reserved 1114112K
  class space    used 2070K, committed 2304K, reserved 1048576K
}
Event: 21600.264 GC heap after
{Heap after GC invocations=9 (full 6):
 garbage-first heap   total 131072K, used 8761K [0x0000000080000000, 0x0000000100000000)
  region size 1024K, 0 young (0K), 0 survivors (0K)
 Metaspace       used 21007K, committed 21632K, reserved 1114112K
  class space    used 2070K, committed 2304K, reserved 1048576K
}
Event: 25200.268 GC heap before
{Heap before GC invocations=9 (full 6):
 garbage-first heap   total 131072K, used 13881K [0x0000000080000000, 0x0000000100000000)
  region size 1024K, 6 young (6144K), 0 survivors (0K)
 Metaspace       used 21008K, committed 21632K, reserved 1114112K
  class space    used 2070K, committed 2304K, reserved 1048576K
}
Event: 25200.316 GC heap after
{Heap after GC invocations=10 (full 7):
 garbage-first heap   total 131072K, used 8761K [0x0000000080000000, 0x0000000100000000)
  region size 1024K, 0 young (0K), 0 survivors (0K)
 Metaspace       used 21008K, committed 21632K, reserved 1114112K
  class space    used 2070K, committed 2304K, reserved 1048576K
}
Event: 28800.317 GC heap before
{Heap before GC invocations=10 (full 7):
 garbage-first heap   total 131072K, used 13881K [0x0000000080000000, 0x0000000100000000)
  region size 1024K, 6 young (6144K), 0 survivors (0K)
 Metaspace       used 21009K, committed 21632K, reserved 1114112K
  class space    used 2070K, committed 2304K, reserved 1048576K
}
Event: 28800.326 GC heap after
{Heap after GC invocations=11 (full 8):
 garbage-first heap   total 131072K, used 8761K [0x0000000080000000, 0x0000000100000000)
  region size 1024K, 0 young (0K), 0 survivors (0K)
 Metaspace       used 21009K, committed 21632K, reserved 1114112K
  class space    used 2070K, committed 2304K, reserved 1048576K
}

Dll operation events (1 events):
Event: 0.007 Loaded shared library D:\softwares\idea\IntelliJ IDEA 2022.3.3\jbr\bin\java.dll

Deoptimization events (20 events):
Event: 7200.049 Thread 0x00000227c9278c90 Uncommon trap: trap_request=0xffffff45 fr.pc=0x00000227b4baf048 relative=0x0000000000000128
Event: 7200.049 Thread 0x00000227c9278c90 Uncommon trap: reason=unstable_if action=reinterpret pc=0x00000227b4baf048 method=java.lang.ClassValue.match(Ljava/lang/ClassValue$Entry;)Z @ 12 c2
Event: 7200.049 Thread 0x00000227c9278c90 DEOPT PACKING pc=0x00000227b4baf048 sp=0x000000626b9feac0
Event: 7200.049 Thread 0x00000227c9278c90 DEOPT UNPACKING pc=0x00000227b43e69a3 sp=0x000000626b9fea20 mode 2
Event: 7200.049 Thread 0x00000227c9278c90 Uncommon trap: trap_request=0xffffff45 fr.pc=0x00000227b4bd2804 relative=0x0000000000000624
Event: 7200.049 Thread 0x00000227c9278c90 Uncommon trap: reason=unstable_if action=reinterpret pc=0x00000227b4bd2804 method=java.lang.ClassValue.match(Ljava/lang/ClassValue$Entry;)Z @ 12 c2
Event: 7200.049 Thread 0x00000227c9278c90 DEOPT PACKING pc=0x00000227b4bd2804 sp=0x000000626b9fea60
Event: 7200.049 Thread 0x00000227c9278c90 DEOPT UNPACKING pc=0x00000227b43e69a3 sp=0x000000626b9fe8d8 mode 2
Event: 7200.049 Thread 0x00000227c9278c90 Uncommon trap: trap_request=0xffffff45 fr.pc=0x00000227b4bafab8 relative=0x00000000000005f8
Event: 7200.049 Thread 0x00000227c9278c90 Uncommon trap: reason=unstable_if action=reinterpret pc=0x00000227b4bafab8 method=java.lang.ClassValue.match(Ljava/lang/ClassValue$Entry;)Z @ 12 c2
Event: 7200.049 Thread 0x00000227c9278c90 DEOPT PACKING pc=0x00000227b4bafab8 sp=0x000000626b9fe820
Event: 7200.049 Thread 0x00000227c9278c90 DEOPT UNPACKING pc=0x00000227b43e69a3 sp=0x000000626b9fe710 mode 2
Event: 7230.828 Thread 0x00000227c9276920 Uncommon trap: trap_request=0xffffff45 fr.pc=0x00000227b4cef9e8 relative=0x0000000000001808
Event: 7230.828 Thread 0x00000227c9276920 Uncommon trap: reason=unstable_if action=reinterpret pc=0x00000227b4cef9e8 method=java.io.ClassCache.processQueue()V @ 9 c2
Event: 7230.828 Thread 0x00000227c9276920 DEOPT PACKING pc=0x00000227b4cef9e8 sp=0x000000626abfea30
Event: 7230.828 Thread 0x00000227c9276920 DEOPT UNPACKING pc=0x00000227b43e69a3 sp=0x000000626abfe938 mode 2
Event: 7232.983 Thread 0x00000227c9276920 Uncommon trap: trap_request=0xffffff45 fr.pc=0x00000227b4d209b4 relative=0x0000000000002234
Event: 7232.983 Thread 0x00000227c9276920 Uncommon trap: reason=unstable_if action=reinterpret pc=0x00000227b4d209b4 method=java.lang.ClassValue.match(Ljava/lang/ClassValue$Entry;)Z @ 12 c2
Event: 7232.983 Thread 0x00000227c9276920 DEOPT PACKING pc=0x00000227b4d209b4 sp=0x000000626abfeb30
Event: 7232.983 Thread 0x00000227c9276920 DEOPT UNPACKING pc=0x00000227b43e69a3 sp=0x000000626abfe940 mode 2

Classes unloaded (20 events):
Event: 7200.035 Thread 0x00000227c3bf9090 Unloading class 0x000000010008d000 'java/lang/invoke/LambdaForm$DMH+0x000000010008d000'
Event: 7200.035 Thread 0x00000227c3bf9090 Unloading class 0x000000010008c800 'java/lang/invoke/LambdaForm$DMH+0x000000010008c800'
Event: 7200.035 Thread 0x00000227c3bf9090 Unloading class 0x000000010008a400 'java/lang/invoke/LambdaForm$MH+0x000000010008a400'
Event: 7200.035 Thread 0x00000227c3bf9090 Unloading class 0x0000000100089800 'java/lang/invoke/LambdaForm$MH+0x0000000100089800'
Event: 7200.035 Thread 0x00000227c3bf9090 Unloading class 0x0000000100085400 'java/lang/invoke/LambdaForm$MH+0x0000000100085400'
Event: 14400.148 Thread 0x00000227c3bf9090 Unloading class 0x0000000100208000 'jdk/internal/reflect/GeneratedMethodAccessor12'
Event: 14400.149 Thread 0x00000227c3bf9090 Unloading class 0x0000000100203c00 'jdk/internal/reflect/GeneratedMethodAccessor11'
Event: 14400.149 Thread 0x00000227c3bf9090 Unloading class 0x0000000100203800 'jdk/internal/reflect/GeneratedMethodAccessor10'
Event: 14400.149 Thread 0x00000227c3bf9090 Unloading class 0x0000000100203400 'jdk/internal/reflect/GeneratedSerializationConstructorAccessor32'
Event: 14400.149 Thread 0x00000227c3bf9090 Unloading class 0x0000000100203000 'jdk/internal/reflect/GeneratedSerializationConstructorAccessor31'
Event: 14400.149 Thread 0x00000227c3bf9090 Unloading class 0x0000000100202c00 'jdk/internal/reflect/GeneratedSerializationConstructorAccessor30'
Event: 14400.149 Thread 0x00000227c3bf9090 Unloading class 0x0000000100202800 'jdk/internal/reflect/GeneratedSerializationConstructorAccessor29'
Event: 14400.149 Thread 0x00000227c3bf9090 Unloading class 0x0000000100202400 'jdk/internal/reflect/GeneratedSerializationConstructorAccessor28'
Event: 14400.149 Thread 0x00000227c3bf9090 Unloading class 0x0000000100202000 'jdk/internal/reflect/GeneratedSerializationConstructorAccessor27'
Event: 14400.149 Thread 0x00000227c3bf9090 Unloading class 0x00000001001b8800 'jdk/internal/reflect/GeneratedSerializationConstructorAccessor26'
Event: 14400.149 Thread 0x00000227c3bf9090 Unloading class 0x00000001001b8400 'jdk/internal/reflect/GeneratedSerializationConstructorAccessor25'
Event: 14400.150 Thread 0x00000227c3bf9090 Unloading class 0x00000001001b8000 'jdk/internal/reflect/GeneratedSerializationConstructorAccessor24'
Event: 14400.150 Thread 0x00000227c3bf9090 Unloading class 0x00000001001b4c00 'jdk/internal/reflect/GeneratedSerializationConstructorAccessor23'
Event: 14400.150 Thread 0x00000227c3bf9090 Unloading class 0x00000001001b4800 'jdk/internal/reflect/GeneratedSerializationConstructorAccessor22'
Event: 14400.150 Thread 0x00000227c3bf9090 Unloading class 0x00000001001b4400 'jdk/internal/reflect/GeneratedSerializationConstructorAccessor21'

Classes redefined (0 events):
No events

Internal exceptions (20 events):
Event: 0.698 Thread 0x00000227c9368ba0 Exception <a 'java/lang/NoSuchMethodError'{0x00000000869599b0}: 'java.lang.Object java.lang.invoke.DirectMethodHandle$Holder.newInvokeSpecial(java.lang.Object, java.lang.Object, int)'> (0x00000000869599b0) 
thrown [s\src\hotspot\share\interpreter\linkResolver.cpp, line 771]
Event: 0.885 Thread 0x00000227c9368ba0 Exception <a 'java/lang/NoSuchMethodError'{0x0000000087a5d8f0}: static [Ljava/lang/Object;.<clinit>()V> (0x0000000087a5d8f0) 
thrown [s\src\hotspot\share\prims\jni.cpp, line 1108]
Event: 0.996 Thread 0x00000227c9368ba0 Exception <a 'java/lang/NoSuchMethodError'{0x000000008753de80}: static Lcom/intellij/database/remote/jdbc/RemoteResultSet$DataRetrievingOptions;.<clinit>()V> (0x000000008753de80) 
thrown [s\src\hotspot\share\prims\jni.cpp, line 1108]
Event: 1.046 Thread 0x00000227c9368ba0 Implicit null exception at 0x00000227b4ba3c60 to 0x00000227b4ba4094
Event: 300.331 Thread 0x00000227c9278c90 Implicit null exception at 0x00000227b4bd13df to 0x00000227b4bd1490
Event: 1431.254 Thread 0x00000227c9368ba0 Implicit null exception at 0x00000227b4b95b54 to 0x00000227b4b95c92
Event: 1431.256 Thread 0x00000227c9368ba0 Implicit null exception at 0x00000227b4ba0152 to 0x00000227b4ba0664
Event: 7031.037 Thread 0x00000227c92791a0 Exception <a 'java/lang/NoSuchMethodError'{0x00000000877dd300}: static Lcom/intellij/database/remote/jdba/core/ConnectionInfo;.<clinit>()V> (0x00000000877dd300) 
thrown [s\src\hotspot\share\prims\jni.cpp, line 1108]
Event: 7031.038 Thread 0x00000227c92791a0 Exception <a 'java/lang/NoSuchMethodError'{0x00000000877e7948}: static Ljava/lang/Object;.<clinit>()V> (0x00000000877e7948) 
thrown [s\src\hotspot\share\prims\jni.cpp, line 1108]
Event: 7031.039 Thread 0x00000227c92791a0 Exception <a 'java/lang/NoSuchMethodError'{0x00000000877eb498}: static [I.<clinit>()V> (0x00000000877eb498) 
thrown [s\src\hotspot\share\prims\jni.cpp, line 1108]
Event: 7031.110 Thread 0x00000227c92791a0 Exception <a 'java/lang/NoSuchMethodError'{0x000000008751c380}: static Lcom/intellij/database/remote/jdba/core/ResultLayout;.<clinit>()V> (0x000000008751c380) 
thrown [s\src\hotspot\share\prims\jni.cpp, line 1108]
Event: 7031.111 Thread 0x00000227c92791a0 Exception <a 'java/lang/NoSuchMethodError'{0x0000000087528c90}: static Lcom/intellij/database/remote/jdba/core/RowLayout;.<clinit>()V> (0x0000000087528c90) 
thrown [s\src\hotspot\share\prims\jni.cpp, line 1108]
Event: 7031.115 Thread 0x00000227c92791a0 Exception <a 'java/lang/NoSuchMethodError'{0x0000000087535490}: static Lcom/intellij/database/remote/jdba/util/NameAndClass;.<clinit>()V> (0x0000000087535490) 
thrown [s\src\hotspot\share\prims\jni.cpp, line 1108]
Event: 7032.638 Thread 0x00000227c92791a0 Implicit null exception at 0x00000227b4b45434 to 0x00000227b4b45dac
Event: 7033.422 Thread 0x00000227c92791a0 Exception <a 'java/lang/NoSuchMethodError'{0x00000000871af5e8}: static [J.<clinit>()V> (0x00000000871af5e8) 
thrown [s\src\hotspot\share\prims\jni.cpp, line 1108]
Event: 7033.912 Thread 0x00000227c9276920 Exception <a 'java/lang/NoSuchMethodError'{0x000000008643dd80}: static [Ljava/lang/Short;.<clinit>()V> (0x000000008643dd80) 
thrown [s\src\hotspot\share\prims\jni.cpp, line 1108]
Event: 7037.712 Thread 0x00000227c92791a0 Exception <a 'java/lang/reflect/InvocationTargetException'{0x000000008615b988}> (0x000000008615b988) 
thrown [s\src\hotspot\share\runtime\reflection.cpp, line 1127]
Event: 7037.714 Thread 0x00000227c92791a0 Exception <a 'java/lang/NoSuchMethodError'{0x000000008617dfd0}: static [Ljava/lang/StackTraceElement;.<clinit>()V> (0x000000008617dfd0) 
thrown [s\src\hotspot\share\prims\jni.cpp, line 1108]
Event: 7101.748 Thread 0x00000227c92791a0 Implicit null exception at 0x00000227b4d1714e to 0x00000227b4d19818
Event: 7102.010 Thread 0x00000227c9276920 Exception <a 'java/lang/NoSuchMethodError'{0x0000000083f903b0}: static [Ljava/lang/String;.<clinit>()V> (0x0000000083f903b0) 
thrown [s\src\hotspot\share\prims\jni.cpp, line 1108]

VM Operations (20 events):
Event: 10800.121 Executing VM operation: G1CollectFull done
Event: 10924.122 Executing VM operation: Cleanup
Event: 10924.122 Executing VM operation: Cleanup done
Event: 14400.138 Executing VM operation: G1CollectFull
Event: 14400.202 Executing VM operation: G1CollectFull done
Event: 15308.649 Executing VM operation: Cleanup
Event: 15308.649 Executing VM operation: Cleanup done
Event: 16477.566 Executing VM operation: HandshakeAllThreads
Event: 16477.567 Executing VM operation: HandshakeAllThreads done
Event: 18000.205 Executing VM operation: G1CollectFull
Event: 18000.253 Executing VM operation: G1CollectFull done
Event: 21600.254 Executing VM operation: G1CollectFull
Event: 21600.264 Executing VM operation: G1CollectFull done
Event: 24730.887 Executing VM operation: Cleanup
Event: 24730.887 Executing VM operation: Cleanup done
Event: 25200.265 Executing VM operation: G1CollectFull
Event: 25200.316 Executing VM operation: G1CollectFull done
Event: 28800.317 Executing VM operation: G1CollectFull
Event: 28800.326 Executing VM operation: G1CollectFull done
Event: 32400.327 Executing VM operation: G1CollectFull

Events (20 events):
Event: 7139.215 Thread 0x00000227cca80980 Thread exited: 0x00000227cca80980
Event: 7152.445 Thread 0x00000227c9276e30 Thread added: 0x00000227c9276e30
Event: 7152.445 Thread 0x00000227c9277340 Thread added: 0x00000227c9277340
Event: 7152.445 Thread 0x00000227c9277d60 Thread added: 0x00000227c9277d60
Event: 7152.445 Thread 0x00000227c9278270 Thread added: 0x00000227c9278270
Event: 7152.445 Thread 0x00000227c9279bc0 Thread added: 0x00000227c9279bc0
Event: 7152.445 Thread 0x00000227c9278780 Thread added: 0x00000227c9278780
Event: 7152.445 Thread 0x00000227c98148e0 Thread added: 0x00000227c98148e0
Event: 7152.445 Thread 0x00000227c9818fc0 Thread added: 0x00000227c9818fc0
Event: 7152.445 Thread 0x00000227c9277d60 Thread exited: 0x00000227c9277d60
Event: 7152.445 Thread 0x00000227c9276e30 Thread exited: 0x00000227c9276e30
Event: 7152.445 Thread 0x00000227c9278270 Thread exited: 0x00000227c9278270
Event: 7152.445 Thread 0x00000227c9277340 Thread exited: 0x00000227c9277340
Event: 7152.445 Thread 0x00000227c9279bc0 Thread exited: 0x00000227c9279bc0
Event: 7152.445 Thread 0x00000227c9278780 Thread exited: 0x00000227c9278780
Event: 7152.445 Thread 0x00000227c9818fc0 Thread exited: 0x00000227c9818fc0
Event: 7152.446 Thread 0x00000227c98148e0 Thread exited: 0x00000227c98148e0
Event: 7188.117 Thread 0x00000227c92791a0 Thread exited: 0x00000227c92791a0
Event: 7200.047 loading class sun/rmi/transport/DGCClient$EndpointEntry$CleanRequest
Event: 7200.048 loading class sun/rmi/transport/DGCClient$EndpointEntry$CleanRequest done


Dynamic libraries:
0x00007ff74faa0000 - 0x00007ff74faaa000 	D:\softwares\idea\IntelliJ IDEA 2022.3.3\jbr\bin\java.exe
0x00007fffd21d0000 - 0x00007fffd23e7000 	C:\Windows\SYSTEM32\ntdll.dll
0x00007fffd12f0000 - 0x00007fffd13b4000 	C:\Windows\System32\KERNEL32.DLL
0x00007fffcf970000 - 0x00007fffcfd29000 	C:\Windows\System32\KERNELBASE.dll
0x00007fffcf700000 - 0x00007fffcf811000 	C:\Windows\System32\ucrtbase.dll
0x00007fffc56f0000 - 0x00007fffc5707000 	D:\softwares\idea\IntelliJ IDEA 2022.3.3\jbr\bin\jli.dll
0x00007fff963f0000 - 0x00007fff9640b000 	D:\softwares\idea\IntelliJ IDEA 2022.3.3\jbr\bin\VCRUNTIME140.dll
0x00007fffd01b0000 - 0x00007fffd035e000 	C:\Windows\System32\USER32.dll
0x00007fffcf940000 - 0x00007fffcf966000 	C:\Windows\System32\win32u.dll
0x00007fffd20b0000 - 0x00007fffd20d9000 	C:\Windows\System32\GDI32.dll
0x00007fffcf820000 - 0x00007fffcf93b000 	C:\Windows\System32\gdi32full.dll
0x00007fffcfe50000 - 0x00007fffcfeea000 	C:\Windows\System32\msvcp_win.dll
0x00007fffa1700000 - 0x00007fffa1992000 	C:\Windows\WinSxS\amd64_microsoft.windows.common-controls_6595b64144ccf1df_6.0.22621.4391_none_2715d37f73803e96\COMCTL32.dll
0x00007fffd0d40000 - 0x00007fffd0de7000 	C:\Windows\System32\msvcrt.dll
0x00007fffd0cf0000 - 0x00007fffd0d21000 	C:\Windows\System32\IMM32.DLL
0x00007fff951e0000 - 0x00007fff951ec000 	D:\softwares\idea\IntelliJ IDEA 2022.3.3\jbr\bin\vcruntime140_1.dll
0x00007fff5b7d0000 - 0x00007fff5b85d000 	D:\softwares\idea\IntelliJ IDEA 2022.3.3\jbr\bin\msvcp140.dll
0x00007ffedc900000 - 0x00007ffedd583000 	D:\softwares\idea\IntelliJ IDEA 2022.3.3\jbr\bin\server\jvm.dll
0x00007fffd1220000 - 0x00007fffd12d2000 	C:\Windows\System32\ADVAPI32.dll
0x00007fffd1170000 - 0x00007fffd1217000 	C:\Windows\System32\sechost.dll
0x00007fffcfe20000 - 0x00007fffcfe48000 	C:\Windows\System32\bcrypt.dll
0x00007fffd0df0000 - 0x00007fffd0f04000 	C:\Windows\System32\RPCRT4.dll
0x00007fffce320000 - 0x00007fffce36d000 	C:\Windows\SYSTEM32\POWRPROF.dll
0x00007fffb0580000 - 0x00007fffb0589000 	C:\Windows\SYSTEM32\WSOCK32.dll
0x00007fffc54b0000 - 0x00007fffc54e4000 	C:\Windows\SYSTEM32\WINMM.dll
0x00007fffc3cf0000 - 0x00007fffc3cfa000 	C:\Windows\SYSTEM32\VERSION.dll
0x00007fffcfef0000 - 0x00007fffcff61000 	C:\Windows\System32\WS2_32.dll
0x00007fffce300000 - 0x00007fffce313000 	C:\Windows\SYSTEM32\UMPDC.dll
0x00007fffce5c0000 - 0x00007fffce5d8000 	C:\Windows\SYSTEM32\kernel.appcore.dll
0x00007fffc70b0000 - 0x00007fffc70ba000 	D:\softwares\idea\IntelliJ IDEA 2022.3.3\jbr\bin\jimage.dll
0x00007fffccc00000 - 0x00007fffcce32000 	C:\Windows\SYSTEM32\DBGHELP.DLL
0x00007fffd1a80000 - 0x00007fffd1e0f000 	C:\Windows\System32\combase.dll
0x00007fffd0360000 - 0x00007fffd0437000 	C:\Windows\System32\OLEAUT32.dll
0x00007fffb3410000 - 0x00007fffb3442000 	C:\Windows\SYSTEM32\dbgcore.DLL
0x00007fffcfd30000 - 0x00007fffcfdab000 	C:\Windows\System32\bcryptPrimitives.dll
0x00007fffc5710000 - 0x00007fffc5735000 	D:\softwares\idea\IntelliJ IDEA 2022.3.3\jbr\bin\java.dll
0x00007fffc3e00000 - 0x00007fffc3e18000 	D:\softwares\idea\IntelliJ IDEA 2022.3.3\jbr\bin\zip.dll
0x00007fffd0460000 - 0x00007fffd0cd6000 	C:\Windows\System32\SHELL32.dll
0x00007fffcd3c0000 - 0x00007fffcdcc3000 	C:\Windows\SYSTEM32\windows.storage.dll
0x00007fffcd280000 - 0x00007fffcd3bf000 	C:\Windows\SYSTEM32\wintypes.dll
0x00007fffd1010000 - 0x00007fffd1109000 	C:\Windows\System32\SHCORE.dll
0x00007fffd1110000 - 0x00007fffd116e000 	C:\Windows\System32\shlwapi.dll
0x00007fffcf400000 - 0x00007fffcf42b000 	C:\Windows\SYSTEM32\profapi.dll
0x00007fffc30d0000 - 0x00007fffc30e9000 	D:\softwares\idea\IntelliJ IDEA 2022.3.3\jbr\bin\net.dll
0x00007fffc52f0000 - 0x00007fffc5426000 	C:\Windows\SYSTEM32\WINHTTP.dll
0x00007fffcea40000 - 0x00007fffceaa9000 	C:\Windows\system32\mswsock.dll
0x00007fffc2c20000 - 0x00007fffc2c36000 	D:\softwares\idea\IntelliJ IDEA 2022.3.3\jbr\bin\nio.dll
0x00007fffcdfb0000 - 0x00007fffcdfdd000 	C:\Windows\SYSTEM32\IPHLPAPI.DLL
0x00007fffd0ce0000 - 0x00007fffd0ce9000 	C:\Windows\System32\NSI.dll
0x00007fffc4f50000 - 0x00007fffc4f69000 	C:\Windows\SYSTEM32\dhcpcsvc6.DLL
0x00007fffc4e70000 - 0x00007fffc4e8f000 	C:\Windows\SYSTEM32\dhcpcsvc.DLL
0x00007fffce020000 - 0x00007fffce122000 	C:\Windows\SYSTEM32\DNSAPI.dll
0x00007fffcec60000 - 0x00007fffcec7b000 	C:\Windows\SYSTEM32\CRYPTSP.dll
0x00007fffce520000 - 0x00007fffce555000 	C:\Windows\system32\rsaenh.dll
0x00007fffceb00000 - 0x00007fffceb28000 	C:\Windows\SYSTEM32\USERENV.dll
0x00007fffcec80000 - 0x00007fffcec8c000 	C:\Windows\SYSTEM32\CRYPTBASE.dll
0x00007fffc3390000 - 0x00007fffc3399000 	D:\softwares\idea\IntelliJ IDEA 2022.3.3\jbr\bin\extnet.dll
0x00007fffb23f0000 - 0x00007fffb23f7000 	D:\softwares\idea\IntelliJ IDEA 2022.3.3\jbr\bin\rmi.dll
0x00007fffb5320000 - 0x00007fffb549a000 	C:\Program Files (x86)\Sangfor\VDI\ClientComponent3\SangforTcpX64.dll
0x00007fffcff70000 - 0x00007fffd0115000 	C:\Windows\System32\ole32.dll
0x00007fffcfdb0000 - 0x00007fffcfe1c000 	C:\Windows\System32\WINTRUST.dll
0x00007fffcf4d0000 - 0x00007fffcf636000 	C:\Windows\System32\CRYPT32.dll
0x00007fffcecd0000 - 0x00007fffcece2000 	C:\Windows\SYSTEM32\MSASN1.dll
0x00007fffc29e0000 - 0x00007fffc29ea000 	C:\Windows\System32\rasadhlp.dll
0x00007fffc36f0000 - 0x00007fffc3773000 	C:\Windows\System32\fwpuclnt.dll
0x00007fffc7010000 - 0x00007fffc7019000 	D:\softwares\idea\IntelliJ IDEA 2022.3.3\jbr\bin\management.dll
0x00007fffc6fd0000 - 0x00007fffc6fdb000 	D:\softwares\idea\IntelliJ IDEA 2022.3.3\jbr\bin\management_ext.dll
0x00007fffd12e0000 - 0x00007fffd12e8000 	C:\Windows\System32\PSAPI.DLL
0x00007fffc56e0000 - 0x00007fffc56ee000 	D:\softwares\idea\IntelliJ IDEA 2022.3.3\jbr\bin\sunmscapi.dll
0x00007fffcee90000 - 0x00007fffceebd000 	C:\Windows\SYSTEM32\ncrypt.dll
0x00007fffcee50000 - 0x00007fffcee87000 	C:\Windows\SYSTEM32\NTASN1.dll

dbghelp: loaded successfully - version: 4.0.5 - missing functions: none
symbol engine: initialized successfully - sym options: 0x614 - pdb path: .;D:\softwares\idea\IntelliJ IDEA 2022.3.3\jbr\bin;C:\Windows\SYSTEM32;C:\Windows\WinSxS\amd64_microsoft.windows.common-controls_6595b64144ccf1df_6.0.22621.4391_none_2715d37f73803e96;D:\softwares\idea\IntelliJ IDEA 2022.3.3\jbr\bin\server;C:\Program Files (x86)\Sangfor\VDI\ClientComponent3

VM Arguments:
jvm_args: -Djava.rmi.server.hostname=127.0.0.1 -Duser.timezone=UTC -Xmx2048m -Xms128m -Djdbc.classpath=D:\softwares\idea\IntelliJ IDEA 2022.3.3\plugins\DatabaseTools\lib\jdbc-console.jar;C:\Users\14993\AppData\Roaming\JetBrains\IntelliJIdea2023.3\jdbc-drivers\PostgreSQL\42.6.0\org\postgresql\postgresql\42.6.0\postgresql-42.6.0.jar;C:\Users\14993\AppData\Roaming\JetBrains\IntelliJIdea2023.3\jdbc-drivers\PostgreSQL\42.6.0\org\checkerframework\checker-qual\3.31.0\checker-qual-3.31.0.jar;C:\Users\14993\AppData\Roaming\JetBrains\IntelliJIdea2023.3\jdbc-drivers\PostgreSQL\42.6.0\com\github\waffle\waffle-jna\1.9.1\waffle-jna-1.9.1.jar;C:\Users\14993\AppData\Roaming\JetBrains\IntelliJIdea2023.3\jdbc-drivers\PostgreSQL\42.6.0\net\java\dev\jna\jna\4.5.1\jna-4.5.1.jar;C:\Users\14993\AppData\Roaming\JetBrains\IntelliJIdea2023.3\jdbc-drivers\PostgreSQL\42.6.0\net\java\dev\jna\jna-platform\4.5.1\jna-platform-4.5.1.jar;C:\Users\14993\AppData\Roaming\JetBrains\IntelliJIdea2023.3\jdbc-drivers\PostgreSQL\42.6.0\org\slf4j\jcl-over-slf4j\1.7.25\jcl-over-slf4j-1.7.25.jar;C:\Users\14993\AppData\Roaming\JetBrains\IntelliJIdea2023.3\jdbc-drivers\PostgreSQL\42.6.0\org\slf4j\slf4j-api\1.7.25\slf4j-api-1.7.25.jar;C:\Users\14993\AppData\Roaming\JetBrains\IntelliJIdea2023.3\jdbc-drivers\PostgreSQL\42.6.0\com\github\ben-manes\caffeine\caffeine\2.6.2\caffeine-2.6.2.jar --add-exports=java.desktop/sun.awt=ALL-UNNAMED --add-exports=java.desktop/java.awt.peer=ALL-UNNAMED --add-opens=java.desktop/java.awt=ALL-UNNAMED --add-opens=jdk.unsupported/sun.misc=ALL-UNNAMED --add-opens=java.base/java.nio=ALL-UNNAMED --add-opens=java.base/java.util=ALL-UNNAMED -Dfile.encoding=UTF-8 
java_command: com.intellij.database.remote.RemoteJdbcServer org.postgresql.Driver
java_class_path (initial): D:\softwares\idea\IntelliJ IDEA 2022.3.3\lib\util_rt.jar;D:\softwares\idea\IntelliJ IDEA 2022.3.3\lib\util-8.jar;D:\softwares\idea\IntelliJ IDEA 2022.3.3\lib\groovy.jar;D:\softwares\idea\IntelliJ IDEA 2022.3.3\plugins\DatabaseTools\lib\jdbc-console.jar;D:\softwares\idea\IntelliJ IDEA 2022.3.3\plugins\grid-core-impl\lib\jdbc-console-types.jar;D:\softwares\idea\IntelliJ IDEA 2022.3.3\lib\util.jar
Launcher Type: SUN_STANDARD

[Global flags]
     intx CICompilerCount                          = 12                                        {product} {ergonomic}
     uint ConcGCThreads                            = 3                                         {product} {ergonomic}
     uint G1ConcRefinementThreads                  = 13                                        {product} {ergonomic}
   size_t G1HeapRegionSize                         = 1048576                                   {product} {ergonomic}
    uintx GCDrainStackTargetSize                   = 64                                        {product} {ergonomic}
   size_t InitialHeapSize                          = 134217728                                 {product} {command line}
   size_t MarkStackSize                            = 4194304                                   {product} {ergonomic}
   size_t MaxHeapSize                              = 2147483648                                {product} {command line}
   size_t MaxNewSize                               = 1287651328                                {product} {ergonomic}
   size_t MinHeapDeltaBytes                        = 1048576                                   {product} {ergonomic}
   size_t MinHeapSize                              = 134217728                                 {product} {command line}
    uintx NonNMethodCodeHeapSize                   = 7602480                                {pd product} {ergonomic}
    uintx NonProfiledCodeHeapSize                  = 122027880                              {pd product} {ergonomic}
    uintx ProfiledCodeHeapSize                     = 122027880                              {pd product} {ergonomic}
    uintx ReservedCodeCacheSize                    = 251658240                              {pd product} {ergonomic}
     bool SegmentedCodeCache                       = true                                      {product} {ergonomic}
   size_t SoftMaxHeapSize                          = 2147483648                             {manageable} {ergonomic}
     bool UseCompressedClassPointers               = true                           {product lp64_product} {ergonomic}
     bool UseCompressedOops                        = true                           {product lp64_product} {ergonomic}
     bool UseG1GC                                  = true                                      {product} {ergonomic}
     bool UseLargePagesIndividualAllocation        = false                                  {pd product} {ergonomic}

Logging:
Log output configuration:
 #0: stdout all=warning uptime,level,tags
 #1: stderr all=off uptime,level,tags

Environment Variables:
JAVA_HOME=D:\softwares\JDK
PATH=C:\Program Files\Common Files\Oracle\Java\javapath;D:\softwares\JDK\bin;C:\Python312\Scripts\;C:\Python312\;C:\Program Files (x86)\Common Files\Oracle\Java\javapath;C:\Windows\system32;C:\Windows;C:\Windows\System32\Wbem;C:\Windows\System32\WindowsPowerShell\v1.0\;C:\Windows\System32\OpenSSH\;C:\Program Files (x86)\NVIDIA Corporation\PhysX\Common;C:\Program Files\NVIDIA Corporation\NVIDIA NvDLISR;C:\Program Files\Bandizip\;D:\code\java\apache-maven-3.9.5\bin;D:\softwares\idea\jre18\bin;D:\softwares\idea\jdk18\bin;D:\softwares\idea\apache-maven-3.6.2\bin;C:\Program Files\Docker\Docker\resources\bin;D:\softwares\Git\cmd;D:\softwares\Anaconda\Lib\site-packages;C:\Users\14993\AppData\Roaming\Python\Python311\Scripts;D:\softwares\exe\SQLite\sqlite-tools-win-x64-202401041713;D:\softwares\node\;C:\ProgramData\chocolatey\bin;D:\softwares\Sqlite\sqlite;D:\softwares\apache-zookeeper-3.6.4-bin\bin;C:\Users\14993\Desktop\release-19001911-x86x64-gdal-3-2-0-mapserver-7-6\release-1900-x64-gdal-3-2-0-mapserver-7-6-1\bin;D:\softwares\ctb\GDAL\bin;D:\softwares\ctb\proj-7.2.0\Library\bin;C:\Users\14993\AppData\Roaming\Python\Python311\Scripts;C:\Program Files (x86)\Windows Kits\10\Windows Performance Toolkit\;D:\softwares\MapGIS 10\program;C:\Users\14993\AppData\Local\Microsoft\WindowsApps;;D:\softwares\idea\IntelliJ IDEA 2022.3.3\bin;;D:\softwares\Pycharm\PyCharm Community Edition 2023.3.2\bin;;C:\Users\14993\AppData\Roaming\npm;D:\softwares\Microsoft VS Code\bin;D:\softwares\Clion\CLion 2024.2.3\bin;
USERNAME=14993
OS=Windows_NT
PROCESSOR_IDENTIFIER=Intel64 Family 6 Model 186 Stepping 2, GenuineIntel
TMP=C:\Users\14993\AppData\Local\Temp
TEMP=C:\Users\14993\AppData\Local\Temp



Periodic native trim disabled

JNI global refs:
JNI global refs: 26, weak refs: 0

JNI global refs memory usage: 843, weak refs: 209

OOME stack traces (most recent first):
Classloader memory used:
Loader bootstrap                                                                       : 2032K
Loader jdk.internal.loader.ClassLoaders$AppClassLoader                                 : 271K
Loader com.intellij.database.remote.jdbc.impl.JdbcClassLoader$JdbcClassLoaderImpl      : 253K
Loader jdk.internal.loader.ClassLoaders$PlatformClassLoader                            : 42493B
Loader jdk.internal.reflect.DelegatingClassLoader                                      : 27591B


---------------  S Y S T E M  ---------------

OS:
 Windows 11 , 64 bit Build 22621 (10.0.22621.4391)
OS uptime: 1 days 14:12 hours
Hyper-V role detected

CPU: total 16 (initial active 16) (8 cores per cpu, 2 threads per core) family 6 model 186 stepping 2 microcode 0x410e, cx8, cmov, fxsr, ht, mmx, 3dnowpref, sse, sse2, sse3, ssse3, sse4.1, sse4.2, popcnt, lzcnt, tsc, tscinvbit, avx, avx2, aes, erms, clmul, bmi1, bmi2, adx, sha, fma, vzeroupper, clflush, clflushopt, clwb, hv
Processor Information for processor 0
  Max Mhz: 2400, Current Mhz: 2400, Mhz Limit: 2400
Processor Information for processor 1
  Max Mhz: 2400, Current Mhz: 2400, Mhz Limit: 2400
Processor Information for processor 2
  Max Mhz: 2400, Current Mhz: 2400, Mhz Limit: 2400
Processor Information for processor 3
  Max Mhz: 2400, Current Mhz: 2400, Mhz Limit: 2400
Processor Information for processor 4
  Max Mhz: 2400, Current Mhz: 2400, Mhz Limit: 2400
Processor Information for processor 5
  Max Mhz: 2400, Current Mhz: 2400, Mhz Limit: 2400
Processor Information for processor 6
  Max Mhz: 2400, Current Mhz: 2400, Mhz Limit: 2400
Processor Information for processor 7
  Max Mhz: 2400, Current Mhz: 2400, Mhz Limit: 2400
Processor Information for processor 8
  Max Mhz: 2400, Current Mhz: 2400, Mhz Limit: 2400
Processor Information for processor 9
  Max Mhz: 2400, Current Mhz: 2400, Mhz Limit: 2400
Processor Information for processor 10
  Max Mhz: 2400, Current Mhz: 2400, Mhz Limit: 2400
Processor Information for processor 11
  Max Mhz: 2400, Current Mhz: 2400, Mhz Limit: 2400
Processor Information for processor 12
  Max Mhz: 2400, Current Mhz: 1800, Mhz Limit: 1800
Processor Information for processor 13
  Max Mhz: 2400, Current Mhz: 1800, Mhz Limit: 1800
Processor Information for processor 14
  Max Mhz: 2400, Current Mhz: 1800, Mhz Limit: 1800
Processor Information for processor 15
  Max Mhz: 2400, Current Mhz: 1800, Mhz Limit: 1800

Memory: 4k page, system-wide physical 16108M (1586M free)
TotalPageFile size 46310M (AvailPageFile size 5M)
current process WorkingSet (physical memory assigned to process): 43M, peak: 182M
current process commit charge ("private bytes"): 246M, peak: 301M

vm_info: OpenJDK 64-Bit Server VM (17.0.10+1-b1087.17) for windows-amd64 JRE (17.0.10+1-b1087.17), built on 2024-01-19 by "builduser" with MS VC++ 16.10 / 16.11 (VS2019)

END.
